<?xml version="1.0" encoding="UTF-8"?>
<testsuites name="TS-User auth (negative scenarios)" time="176" tests="3" failures="0" errors="0">
   <testsuite name="TS-User auth (negative scenarios)" tests="3" failures="0" errors="0" time="176" timestamp="2019-05-09 12:05:55" hostname="pkavo - DESKTOP-00FRS4B" id="Test Suites/User Authentication/TS-User auth (negative scenarios)">
      <properties>
         <property name="deviceName" value=""/>
         <property name="devicePlatform" value=""/>
         <property name="logFolder" value="C:\\Users\\pkavo\\Katalon Studio\\Masoko\\Masoko-Automation\\Reports\\User Authentication\\TS-User auth (negative scenarios)\\20190509_120553"/>
         <property name="logFiles" value="C:\\Users\\pkavo\\Katalon Studio\\Masoko\\Masoko-Automation\\Reports\\User Authentication\\TS-User auth (negative scenarios)\\20190509_120553\\execution0.log"/>
         <property name="attachments" value=""/>
         <property name="hostName" value="pkavo - DESKTOP-00FRS4B"/>
         <property name="os" value="Windows 10 64bit"/>
         <property name="katalonVersion" value="6.1.2.2"/>
         <property name="browser" value="Chrome 73.0.3683.86"/>
         <property name="hostAddress" value="172.16.40.126"/>
         <property name="sessionId" value="33eddbd3f39a473f4e2fb1131d69f8af"/>
         <property name="seleniumVersion" value="3.7.1"/>
         <property name="proxyInformation" value="ProxyInformation{proxyOption=NO_PROXY, proxyServerType=HTTP, password=, proxyServerAddress=, proxyServerPort=0}"/>
         <property name="platform" value="Windows 10"/>
      </properties>
      <testcase name="Test Cases/User Authentication/TC-Customer registration validation(phone is reuqired)" classname="Test Cases/User Authentication/TC-Customer registration validation(phone is reuqired)" status="PASSED">
         <system-out><![CDATA[2019-05-09 12:05:56 - [TEST_CASE][PASSED] - Test Cases/User Authentication/TC-Customer registration validation(phone is reuqired): Test Cases/User Authentication/TC-Customer registration validation(phone is reuqired)

2019-05-09 12:05:56 - [TEST_STEP][PASSED] - openBrowser(masoko): Browser is opened with url: 'https://www.masoko.com/'

2019-05-09 12:05:57 - [MESSAGE][INFO] - Starting 'Chrome' driver

2019-05-09 12:05:58 - [MESSAGE][INFO] - Action delay is set to 0 seconds

2019-05-09 12:06:39 - [MESSAGE][PASSED] - Browser is opened with url: 'https://www.masoko.com/'

2019-05-09 12:06:39 - [TEST_STEP][PASSED] - click(findTestObject("Home Page/Register")): Object: 'Object Repository/Home Page/Register' is clicked on

2019-05-09 12:06:48 - [MESSAGE][PASSED] - Object: 'Object Repository/Home Page/Register' is clicked on

2019-05-09 12:06:48 - [TEST_STEP][PASSED] - setText(findTestObject("Create New Customer Account Page/input_firstname"), findTestData("Masoko data/TD -Masoko registration").getValue(1, 1)): Text 'Polycarp' is set on object 'Object Repository/Create New Customer Account Page/input_firstname'

2019-05-09 12:06:49 - [MESSAGE][PASSED] - Text 'Polycarp' is set on object 'Object Repository/Create New Customer Account Page/input_firstname'

2019-05-09 12:06:49 - [TEST_STEP][PASSED] - setText(findTestObject("Create New Customer Account Page/input_lastname"), findTestData("Masoko data/TD -Masoko registration").getValue(2, 1)): Text 'Kavoo' is set on object 'Object Repository/Create New Customer Account Page/input_lastname'

2019-05-09 12:06:49 - [MESSAGE][PASSED] - Text 'Kavoo' is set on object 'Object Repository/Create New Customer Account Page/input_lastname'

2019-05-09 12:06:49 - [TEST_STEP][PASSED] - setText(findTestObject("Create New Customer Account Page/input_mobile"), ""): Text '' is set on object 'Object Repository/Create New Customer Account Page/input_mobile'

2019-05-09 12:06:49 - [MESSAGE][PASSED] - Text '' is set on object 'Object Repository/Create New Customer Account Page/input_mobile'

2019-05-09 12:06:49 - [TEST_STEP][PASSED] - setText(findTestObject("Create New Customer Account Page/input_email"), findTestData("Masoko data/TD -Masoko registration").getValue(4, 1)): Text '715073891' is set on object 'Object Repository/Create New Customer Account Page/input_email'

2019-05-09 12:06:49 - [MESSAGE][PASSED] - Text '715073891' is set on object 'Object Repository/Create New Customer Account Page/input_email'

2019-05-09 12:06:49 - [TEST_STEP][PASSED] - setText(findTestObject("Create New Customer Account Page/input_password"), findTestData("Masoko data/TD -Masoko registration").getValue(5, 1)): Text 'Kenya@123' is set on object 'Object Repository/Create New Customer Account Page/input_password'

2019-05-09 12:06:50 - [MESSAGE][PASSED] - Text 'Kenya@123' is set on object 'Object Repository/Create New Customer Account Page/input_password'

2019-05-09 12:06:50 - [TEST_STEP][PASSED] - setText(findTestObject("Create New Customer Account Page/input_password_confirmation"), findTestData("Masoko data/TD -Masoko registration").getValue(6, 1)): Text 'Kenya@123' is set on object 'Object Repository/Create New Customer Account Page/input_password_confirmation'

2019-05-09 12:06:50 - [MESSAGE][PASSED] - Text 'Kenya@123' is set on object 'Object Repository/Create New Customer Account Page/input_password_confirmation'

2019-05-09 12:06:50 - [TEST_STEP][PASSED] - click(findTestObject("Create New Customer Account Page/button_Create an Account")): Object: 'Object Repository/Create New Customer Account Page/button_Create an Account' is clicked on

2019-05-09 12:06:51 - [MESSAGE][PASSED] - Object: 'Object Repository/Create New Customer Account Page/button_Create an Account' is clicked on

2019-05-09 12:06:51 - [TEST_STEP][PASSED] - verifyElementPresent(findTestObject("Create New Customer Account Page/empty_phone_field error"), 2): Object 'Object Repository/Create New Customer Account Page/empty_phone_field error' is present

2019-05-09 12:06:51 - [MESSAGE][PASSED] - Object 'Object Repository/Create New Customer Account Page/empty_phone_field error' is present

2019-05-09 12:06:51 - [TEST_STEP][PASSED] - closeBrowser(): Browser is closed

2019-05-09 12:06:52 - [MESSAGE][PASSED] - Browser is closed]]></system-out>
         <system-err><![CDATA[]]></system-err>
      </testcase>
      <testcase name="Test Cases/User Authentication/TC- Login validation(wrong username or password)" classname="Test Cases/User Authentication/TC- Login validation(wrong username or password)" status="PASSED">
         <system-out><![CDATA[2019-05-09 12:06:52 - [TEST_CASE][PASSED] - Test Cases/User Authentication/TC- Login validation(wrong username or password): Test Cases/User Authentication/TC- Login validation(wrong username or password)

2019-05-09 12:06:52 - [TEST_STEP][PASSED] - openBrowser(masoko): Browser is opened with url: 'https://www.masoko.com/'

2019-05-09 12:06:52 - [MESSAGE][INFO] - Starting 'Chrome' driver

2019-05-09 12:07:32 - [MESSAGE][PASSED] - Browser is opened with url: 'https://www.masoko.com/'

2019-05-09 12:07:32 - [TEST_STEP][PASSED] - click(findTestObject("Home Page/Sign In ")): Object: 'Object Repository/Home Page/Sign In ' is clicked on

2019-05-09 12:07:46 - [MESSAGE][PASSED] - Object: 'Object Repository/Home Page/Sign In ' is clicked on

2019-05-09 12:07:46 - [TEST_STEP][PASSED] - setText(findTestObject("Customer Login Page/input_username"), findTestData("Masoko data/TD- Masoko login").getValue(1, 3)): Text 'p.kavoo@gmail.com' is set on object 'Object Repository/Customer Login Page/input_username'

2019-05-09 12:07:46 - [MESSAGE][PASSED] - Text 'p.kavoo@gmail.com' is set on object 'Object Repository/Customer Login Page/input_username'

2019-05-09 12:07:46 - [TEST_STEP][PASSED] - setText(findTestObject("Customer Login Page/input_password"), findTestData("Masoko data/TD- Masoko login").getValue(2, 3)): Text '12345678' is set on object 'Object Repository/Customer Login Page/input_password'

2019-05-09 12:07:46 - [MESSAGE][PASSED] - Text '12345678' is set on object 'Object Repository/Customer Login Page/input_password'

2019-05-09 12:07:46 - [TEST_STEP][PASSED] - click(findTestObject("Customer Login Page/button_Sign In")): Object: 'Object Repository/Customer Login Page/button_Sign In' is clicked on

2019-05-09 12:07:55 - [MESSAGE][PASSED] - Object: 'Object Repository/Customer Login Page/button_Sign In' is clicked on

2019-05-09 12:07:55 - [TEST_STEP][NOT_RUN] - verifyElementPresent(findTestObject("Customer Login Page/error message"), 2): NOT_RUN: verifyElementPresent(findTestObject("Customer Login Page/error message"), 2)

2019-05-09 12:07:55 - [MESSAGE][NOT_RUN] - NOT_RUN: verifyElementPresent(findTestObject("Customer Login Page/error message"), 2)

2019-05-09 12:07:55 - [TEST_STEP][PASSED] - closeBrowser(): Browser is closed

2019-05-09 12:07:56 - [MESSAGE][PASSED] - Browser is closed]]></system-out>
         <system-err><![CDATA[]]></system-err>
      </testcase>
      <testcase name="Test Cases/User Authentication/TC-Login validation(empty fields)" classname="Test Cases/User Authentication/TC-Login validation(empty fields)" status="PASSED">
         <system-out><![CDATA[2019-05-09 12:07:56 - [TEST_CASE][PASSED] - Test Cases/User Authentication/TC-Login validation(empty fields): Test Cases/User Authentication/TC-Login validation(empty fields)

2019-05-09 12:07:56 - [TEST_STEP][PASSED] - openBrowser(masoko): Browser is opened with url: 'https://www.masoko.com/'

2019-05-09 12:07:56 - [MESSAGE][INFO] - Starting 'Chrome' driver

2019-05-09 12:08:40 - [MESSAGE][PASSED] - Browser is opened with url: 'https://www.masoko.com/'

2019-05-09 12:08:40 - [TEST_STEP][PASSED] - click(findTestObject("Home Page/Sign In ")): Object: 'Object Repository/Home Page/Sign In ' is clicked on

2019-05-09 12:08:51 - [MESSAGE][PASSED] - Object: 'Object Repository/Home Page/Sign In ' is clicked on

2019-05-09 12:08:51 - [TEST_STEP][PASSED] - setText(findTestObject("Customer Login Page/input_username"), findTestData("Masoko data/TD- Masoko login").getValue(1, 1)): Text 'pkavoo@gmail.com' is set on object 'Object Repository/Customer Login Page/input_username'

2019-05-09 12:08:51 - [MESSAGE][PASSED] - Text 'pkavoo@gmail.com' is set on object 'Object Repository/Customer Login Page/input_username'

2019-05-09 12:08:51 - [TEST_STEP][PASSED] - setText(findTestObject("Customer Login Page/input_password"), ""): Text '' is set on object 'Object Repository/Customer Login Page/input_password'

2019-05-09 12:08:51 - [MESSAGE][PASSED] - Text '' is set on object 'Object Repository/Customer Login Page/input_password'

2019-05-09 12:08:51 - [TEST_STEP][PASSED] - click(findTestObject("Customer Login Page/button_Sign In")): Object: 'Object Repository/Customer Login Page/button_Sign In' is clicked on

2019-05-09 12:08:51 - [MESSAGE][PASSED] - Object: 'Object Repository/Customer Login Page/button_Sign In' is clicked on

2019-05-09 12:08:51 - [TEST_STEP][PASSED] - verifyElementPresent(findTestObject("Customer Login Page/empty_field error"), 0): Object 'Object Repository/Customer Login Page/empty_field error' is present

2019-05-09 12:08:51 - [MESSAGE][WARNING] - Timeout '0' is invalid. Using default page load timeout: '30'

2019-05-09 12:08:51 - [MESSAGE][PASSED] - Object 'Object Repository/Customer Login Page/empty_field error' is present

2019-05-09 12:08:51 - [TEST_STEP][PASSED] - closeBrowser(): Browser is closed

2019-05-09 12:08:52 - [MESSAGE][PASSED] - Browser is closed]]></system-out>
         <system-err><![CDATA[]]></system-err>
      </testcase>
      <system-out><![CDATA[2019-05-09 12:05:55 - [TEST_SUITE][PASSED] - TS-User auth (negative scenarios): Test Cases/User Authentication/TC-Login validation(empty fields)]]></system-out>
      <system-err><![CDATA[]]></system-err>
   </testsuite>
</testsuites>
